TN:
SF:src/bigquery.ts
FN:7,(anonymous_0)
FN:10,(anonymous_1)
FN:14,(anonymous_2)
FN:23,(anonymous_3)
FN:38,(anonymous_4)
FN:73,(anonymous_5)
FN:75,(anonymous_6)
FN:86,(anonymous_7)
FN:92,(anonymous_8)
FN:93,(anonymous_9)
FN:101,(anonymous_10)
FN:137,(anonymous_11)
FN:163,(anonymous_12)
FN:184,(anonymous_13)
FN:186,(anonymous_14)
FN:190,(anonymous_15)
FNF:16
FNH:16
FNDA:17,(anonymous_0)
FNDA:34,(anonymous_1)
FNDA:22,(anonymous_2)
FNDA:5,(anonymous_3)
FNDA:4,(anonymous_4)
FNDA:2,(anonymous_5)
FNDA:4,(anonymous_6)
FNDA:4,(anonymous_7)
FNDA:6,(anonymous_8)
FNDA:3,(anonymous_9)
FNDA:4,(anonymous_10)
FNDA:2,(anonymous_11)
FNDA:2,(anonymous_12)
FNDA:1,(anonymous_13)
FNDA:2,(anonymous_14)
FNDA:2,(anonymous_15)
DA:4,5
DA:7,5
DA:8,17
DA:10,34
DA:12,17
DA:14,17
DA:15,22
DA:16,22
DA:17,22
DA:18,22
DA:23,5
DA:24,5
DA:25,5
DA:27,5
DA:28,5
DA:29,5
DA:30,5
DA:33,5
DA:36,5
DA:38,5
DA:39,4
DA:40,4
DA:42,4
DA:43,4
DA:44,4
DA:46,4
DA:47,4
DA:48,4
DA:49,4
DA:51,4
DA:61,0
DA:62,0
DA:73,5
DA:74,2
DA:75,4
DA:77,2
DA:78,2
DA:79,4
DA:80,4
DA:82,2
DA:86,5
DA:87,4
DA:88,1
DA:92,6
DA:93,4
DA:94,4
DA:95,4
DA:97,4
DA:98,4
DA:99,4
DA:101,4
DA:109,4
DA:110,4
DA:111,1
DA:117,2
DA:118,0
DA:125,3
DA:127,4
DA:137,5
DA:138,2
DA:139,2
DA:144,2
DA:145,2
DA:146,2
DA:148,2
DA:155,0
DA:163,5
DA:164,2
DA:166,2
DA:171,2
DA:173,2
DA:176,2
DA:180,2
DA:184,5
DA:185,1
DA:186,2
DA:187,1
DA:190,1
DA:191,2
DA:194,1
DA:195,0
DA:201,1
DA:202,1
DA:204,1
DA:205,1
DA:206,1
DA:207,1
DA:209,1
DA:210,1
DA:211,1
DA:213,0
DA:220,1
LF:92
LH:86
BRDA:8,0,0,17
BRDA:8,0,1,0
BRDA:16,1,0,8
BRDA:16,1,1,14
BRDA:17,2,0,8
BRDA:17,2,1,14
BRDA:28,3,0,5
BRDA:28,3,1,0
BRDA:29,4,0,5
BRDA:29,4,1,0
BRDA:29,5,0,5
BRDA:29,5,1,5
BRDA:40,6,0,0
BRDA:40,6,1,4
BRDA:40,7,0,4
BRDA:40,7,1,2
BRDA:42,8,0,2
BRDA:42,8,1,2
BRDA:43,9,0,2
BRDA:43,9,1,2
BRDA:44,10,0,2
BRDA:44,10,1,2
BRDA:47,11,0,2
BRDA:47,11,1,2
BRDA:53,12,0,4
BRDA:53,12,1,2
BRDA:53,12,2,0
BRDA:56,13,0,4
BRDA:56,13,1,0
BRDA:58,14,0,4
BRDA:58,14,1,0
BRDA:64,15,0,0
BRDA:64,15,1,0
BRDA:64,15,2,0
BRDA:74,16,0,2
BRDA:74,16,1,0
BRDA:80,17,0,4
BRDA:80,17,1,0
BRDA:87,18,0,1
BRDA:87,18,1,3
BRDA:92,19,0,3
BRDA:92,19,1,0
BRDA:94,20,0,3
BRDA:94,20,1,0
BRDA:95,21,0,0
BRDA:95,21,1,3
BRDA:97,22,0,0
BRDA:97,22,1,3
BRDA:101,23,0,3
BRDA:101,23,1,0
BRDA:105,24,0,4
BRDA:105,24,1,4
BRDA:110,25,0,1
BRDA:110,25,1,2
BRDA:113,26,0,1
BRDA:113,26,1,0
BRDA:117,27,0,0
BRDA:117,27,1,2
BRDA:125,28,0,0
BRDA:125,28,1,3
BRDA:129,29,0,4
BRDA:129,29,1,0
BRDA:144,30,0,2
BRDA:144,30,1,0
BRDA:164,31,0,2
BRDA:164,31,1,2
BRDA:173,32,0,2
BRDA:173,32,1,2
BRDA:185,33,0,1
BRDA:185,33,1,0
BRDA:194,34,0,0
BRDA:194,34,1,1
BRDA:206,35,0,0
BRDA:206,35,1,1
BRDA:207,36,0,0
BRDA:207,36,1,1
BRF:76
BRH:50
end_of_record
TN:
SF:src/config.ts
FN:6,(anonymous_0)
FN:22,(anonymous_1)
FN:34,(anonymous_2)
FN:40,(anonymous_3)
FN:45,(anonymous_4)
FN:47,(anonymous_5)
FN:53,(anonymous_6)
FN:83,(anonymous_7)
FN:97,(anonymous_8)
FN:106,(anonymous_9)
FN:119,(anonymous_10)
FNF:11
FNH:11
FNDA:43,(anonymous_0)
FNDA:43,(anonymous_1)
FNDA:43,(anonymous_2)
FNDA:59,(anonymous_3)
FNDA:57,(anonymous_4)
FNDA:128,(anonymous_5)
FNDA:43,(anonymous_6)
FNDA:9,(anonymous_7)
FNDA:129,(anonymous_8)
FNDA:43,(anonymous_9)
FNDA:16,(anonymous_10)
DA:4,4
DA:6,4
DA:7,43
DA:8,43
DA:9,1
DA:10,1
DA:12,42
DA:13,42
DA:14,42
DA:15,1
DA:18,0
DA:22,4
DA:23,43
DA:24,1
DA:26,43
DA:27,43
DA:28,25
DA:29,1
DA:34,4
DA:35,43
DA:36,43
DA:37,1
DA:38,1
DA:40,59
DA:41,42
DA:42,1
DA:43,1
DA:45,41
DA:46,57
DA:47,128
DA:48,1
DA:53,4
DA:54,43
DA:55,43
DA:56,1
DA:57,1
DA:60,42
DA:61,1
DA:62,1
DA:65,41
DA:66,38
DA:67,38
DA:68,0
DA:69,38
DA:70,1
DA:72,38
DA:73,1
DA:75,3
DA:76,3
DA:77,1
DA:79,3
DA:80,0
DA:83,3
DA:84,9
DA:85,0
DA:86,9
DA:87,1
DA:91,3
DA:92,3
DA:93,3
DA:97,4
DA:98,129
DA:99,5
DA:100,5
DA:101,3
DA:106,4
DA:107,43
DA:109,43
DA:110,43
DA:111,43
DA:112,43
DA:114,43
DA:115,43
DA:116,43
DA:118,43
DA:119,16
LF:76
LH:72
BRDA:8,0,0,1
BRDA:8,0,1,42
BRDA:14,1,0,1
BRDA:14,1,1,41
BRDA:23,2,0,1
BRDA:23,2,1,42
BRDA:27,3,0,25
BRDA:27,3,1,18
BRDA:27,4,0,43
BRDA:27,4,1,25
BRDA:28,5,0,1
BRDA:28,5,1,24
BRDA:36,6,0,1
BRDA:36,6,1,42
BRDA:41,7,0,1
BRDA:41,7,1,41
BRDA:47,8,0,1
BRDA:47,8,1,56
BRDA:47,9,0,57
BRDA:47,9,1,56
BRDA:47,9,2,56
BRDA:55,10,0,1
BRDA:55,10,1,42
BRDA:60,11,0,1
BRDA:60,11,1,41
BRDA:60,12,0,42
BRDA:60,12,1,4
BRDA:65,13,0,38
BRDA:65,13,1,3
BRDA:67,14,0,0
BRDA:67,14,1,38
BRDA:69,15,0,1
BRDA:69,15,1,37
BRDA:72,16,0,1
BRDA:72,16,1,37
BRDA:75,17,0,3
BRDA:75,17,1,0
BRDA:76,18,0,1
BRDA:76,18,1,2
BRDA:79,19,0,0
BRDA:79,19,1,3
BRDA:84,20,0,0
BRDA:84,20,1,9
BRDA:86,21,0,1
BRDA:86,21,1,8
BRDA:86,22,0,9
BRDA:86,22,1,9
BRDA:98,23,0,5
BRDA:98,23,1,124
BRDA:100,24,0,3
BRDA:100,24,1,2
BRDA:100,25,0,5
BRDA:100,25,1,4
BRDA:118,26,0,16
BRDA:118,26,1,27
BRF:55
BRH:51
end_of_record
TN:
SF:src/mcp.ts
FN:5,(anonymous_0)
FN:14,(anonymous_1)
FN:65,(anonymous_2)
FN:71,(anonymous_3)
FN:108,(anonymous_4)
FN:116,(anonymous_5)
FN:139,(anonymous_6)
FN:203,(anonymous_7)
FN:282,(anonymous_8)
FN:388,(anonymous_9)
FN:416,(anonymous_10)
FN:494,(anonymous_11)
FNF:12
FNH:12
FNDA:13,(anonymous_0)
FNDA:11,(anonymous_1)
FNDA:41,(anonymous_2)
FNDA:9,(anonymous_3)
FNDA:4,(anonymous_4)
FNDA:1,(anonymous_5)
FNDA:1,(anonymous_6)
FNDA:3,(anonymous_7)
FNDA:8,(anonymous_8)
FNDA:1,(anonymous_9)
FNDA:1,(anonymous_10)
FNDA:14,(anonymous_11)
DA:5,4
DA:6,13
DA:7,13
DA:8,0
DA:10,13
DA:14,4
DA:15,11
DA:18,11
DA:21,11
DA:24,11
DA:26,11
DA:27,11
DA:28,13
DA:29,13
DA:30,13
DA:34,11
DA:35,2
DA:39,9
DA:43,9
DA:44,103
DA:45,103
DA:46,2
DA:51,7
DA:52,0
DA:55,7
DA:56,7
DA:57,7
DA:58,1
DA:62,6
DA:65,4
DA:66,41
DA:67,41
DA:71,4
DA:83,9
DA:84,9
DA:85,9
DA:87,9
DA:88,9
DA:89,0
DA:90,9
DA:91,3
DA:94,9
DA:108,4
DA:111,9
DA:116,4
DA:117,1
DA:123,1
DA:139,4
DA:140,1
DA:203,4
DA:212,3
DA:213,3
DA:214,0
DA:221,0
DA:231,3
DA:232,3
DA:233,1
DA:242,1
DA:252,2
DA:253,2
DA:254,2
DA:262,0
DA:271,0
DA:282,4
DA:283,8
DA:284,8
DA:286,8
DA:287,0
DA:294,8
DA:296,1
DA:297,1
DA:298,1
DA:305,1
DA:313,0
DA:320,0
DA:332,2
DA:333,2
DA:334,1
DA:341,1
DA:351,1
DA:352,1
DA:353,1
DA:360,1
DA:368,0
DA:376,0
DA:388,2
DA:389,1
DA:390,1
DA:391,1
DA:401,0
DA:411,1
DA:416,1
DA:417,1
DA:418,1
DA:427,1
DA:432,2
DA:433,2
DA:434,1
DA:441,1
DA:450,1
DA:451,1
DA:452,1
DA:458,1
DA:466,0
DA:473,0
DA:485,0
DA:494,4
DA:495,14
DA:496,14
DA:497,1
DA:500,13
DA:501,13
DA:505,13
DA:506,13
DA:507,11
DA:509,2
DA:510,2
DA:513,11
DA:516,11
DA:517,0
DA:520,11
DA:521,14
DA:522,14
DA:523,14
DA:524,14
DA:526,14
DA:527,14
DA:531,1
DA:534,1
DA:537,1
DA:540,8
DA:543,0
DA:551,0
DA:552,0
LF:134
LH:114
BRDA:7,0,0,0
BRDA:7,0,1,13
BRDA:28,1,0,1
BRDA:28,1,1,12
BRDA:29,2,0,1
BRDA:29,2,1,12
BRDA:34,3,0,2
BRDA:34,3,1,9
BRDA:34,4,0,11
BRDA:34,4,1,3
BRDA:45,5,0,2
BRDA:45,5,1,101
BRDA:51,6,0,0
BRDA:51,6,1,7
BRDA:57,7,0,1
BRDA:57,7,1,6
BRDA:66,8,0,0
BRDA:66,8,1,41
BRDA:66,9,0,41
BRDA:66,9,1,41
BRDA:88,10,0,0
BRDA:88,10,1,9
BRDA:90,11,0,3
BRDA:90,11,1,6
BRDA:103,12,0,3
BRDA:103,12,1,6
BRDA:104,13,0,3
BRDA:104,13,1,6
BRDA:105,14,0,0
BRDA:105,14,1,9
BRDA:108,15,0,4
BRDA:108,15,1,5
BRDA:210,16,0,3
BRDA:213,17,0,0
BRDA:213,17,1,3
BRDA:232,18,0,1
BRDA:232,18,1,2
BRDA:284,19,0,8
BRDA:284,19,1,1
BRDA:286,20,0,0
BRDA:286,20,1,8
BRDA:294,21,0,1
BRDA:294,21,1,2
BRDA:294,21,2,2
BRDA:294,21,3,1
BRDA:294,21,4,2
BRDA:294,21,5,0
BRDA:333,22,0,1
BRDA:333,22,1,1
BRDA:333,23,0,2
BRDA:333,23,1,2
BRDA:390,24,0,1
BRDA:390,24,1,0
BRDA:433,25,0,1
BRDA:433,25,1,1
BRDA:496,26,0,1
BRDA:496,26,1,13
BRDA:516,27,0,0
BRDA:516,27,1,11
BRDA:517,28,0,0
BRDA:517,28,1,0
BRDA:520,29,0,11
BRDA:520,29,1,0
BRDA:521,30,0,14
BRDA:521,30,1,0
BRDA:522,31,0,14
BRDA:522,31,1,0
BRDA:524,32,0,11
BRDA:524,32,1,0
BRDA:527,33,0,1
BRDA:527,33,1,1
BRDA:527,33,2,1
BRDA:527,33,3,8
BRDA:527,33,4,0
BRDA:554,34,0,0
BRDA:554,34,1,0
BRF:76
BRH:57
end_of_record
TN:
SF:src/oauth.ts
FN:8,(anonymous_0)
FN:13,(anonymous_1)
FN:16,(anonymous_2)
FN:24,(anonymous_3)
FN:35,(anonymous_4)
FN:42,(anonymous_5)
FN:44,(anonymous_6)
FN:85,(anonymous_7)
FN:121,(anonymous_8)
FN:302,(anonymous_9)
FN:356,(anonymous_10)
FN:393,(anonymous_11)
FN:459,(anonymous_12)
FNF:13
FNH:10
FNDA:24,(anonymous_0)
FNDA:8,(anonymous_1)
FNDA:7,(anonymous_2)
FNDA:8,(anonymous_3)
FNDA:2,(anonymous_4)
FNDA:0,(anonymous_5)
FNDA:0,(anonymous_6)
FNDA:9,(anonymous_7)
FNDA:8,(anonymous_8)
FNDA:3,(anonymous_9)
FNDA:0,(anonymous_10)
FNDA:8,(anonymous_11)
FNDA:8,(anonymous_12)
DA:8,3
DA:9,24
DA:10,24
DA:13,3
DA:14,8
DA:15,8
DA:16,7
DA:17,7
DA:18,7
DA:19,7
DA:21,7
DA:24,3
DA:25,8
DA:26,8
DA:35,3
DA:36,2
DA:37,2
DA:38,2
DA:39,1
DA:42,1
DA:43,2
DA:44,0
DA:45,0
DA:46,0
DA:50,1
DA:53,1
DA:59,1
DA:64,1
DA:66,1
DA:68,1
DA:79,0
DA:80,0
DA:85,3
DA:86,9
DA:94,9
DA:96,9
DA:97,0
DA:101,9
DA:102,1
DA:104,8
DA:105,0
DA:108,8
DA:112,8
DA:113,8
DA:114,8
DA:116,0
DA:117,0
DA:121,8
DA:122,8
DA:123,0
DA:126,8
DA:128,0
DA:141,0
DA:142,0
DA:143,0
DA:144,0
DA:145,0
DA:146,0
DA:148,0
DA:153,8
DA:154,9
DA:166,8
DA:167,9
DA:169,9
DA:170,9
DA:173,9
DA:294,9
DA:296,0
DA:297,0
DA:302,3
DA:303,3
DA:304,3
DA:305,3
DA:306,1
DA:309,2
DA:312,2
DA:313,2
DA:314,1
DA:316,1
DA:317,1
DA:321,1
DA:335,1
DA:336,0
DA:337,0
DA:338,0
DA:341,1
DA:342,1
DA:343,0
DA:347,1
DA:348,1
DA:350,3
DA:351,0
DA:354,1
DA:355,1
DA:356,0
DA:357,0
DA:358,0
DA:359,0
DA:364,1
DA:377,1
DA:378,1
DA:379,1
DA:380,1
DA:383,1
DA:384,1
DA:387,0
DA:388,0
DA:393,3
DA:394,8
DA:395,8
DA:396,8
DA:398,8
DA:399,1
DA:402,7
DA:405,7
DA:406,7
DA:407,7
DA:409,0
DA:410,0
DA:413,7
DA:414,7
DA:416,7
DA:417,8
DA:420,8
DA:422,1
DA:423,1
DA:424,1
DA:428,6
DA:441,6
DA:444,6
DA:445,6
DA:446,6
DA:447,6
DA:450,6
DA:451,6
DA:453,0
DA:454,0
DA:459,3
DA:460,8
DA:461,8
DA:464,8
DA:465,1
DA:466,1
DA:467,1
DA:470,8
DA:471,1
DA:474,7
DA:475,1
DA:478,6
DA:482,6
DA:483,6
DA:484,5
DA:486,1
DA:487,1
DA:491,5
DA:492,1
DA:496,4
DA:499,4
DA:501,1
DA:507,3
DA:510,4
DA:511,1
DA:512,1
DA:516,3
DA:517,3
DA:527,3
DA:529,3
DA:535,0
DA:536,0
LF:169
LH:132
BRDA:15,0,0,1
BRDA:15,0,1,7
BRDA:19,1,0,7
BRDA:19,1,1,0
BRDA:25,2,0,0
BRDA:25,2,1,8
BRDA:25,3,0,8
BRDA:25,3,1,8
BRDA:38,4,0,1
BRDA:38,4,1,1
BRDA:38,5,0,2
BRDA:38,5,1,1
BRDA:38,5,2,1
BRDA:42,6,0,0
BRDA:42,6,1,1
BRDA:43,7,0,0
BRDA:43,7,1,2
BRDA:45,8,0,0
BRDA:45,8,1,0
BRDA:96,9,0,0
BRDA:96,9,1,9
BRDA:96,10,0,9
BRDA:96,10,1,9
BRDA:96,10,2,9
BRDA:101,11,0,1
BRDA:101,11,1,8
BRDA:104,12,0,0
BRDA:104,12,1,8
BRDA:122,13,0,0
BRDA:122,13,1,8
BRDA:126,14,0,0
BRDA:126,14,1,8
BRDA:153,15,0,8
BRDA:153,15,1,0
BRDA:159,16,0,4
BRDA:159,16,1,4
BRDA:166,17,0,8
BRDA:166,17,1,8
BRDA:167,18,0,0
BRDA:167,18,1,8
BRDA:170,19,0,0
BRDA:170,19,1,8
BRDA:279,20,0,9
BRDA:279,20,1,0
BRDA:305,21,0,1
BRDA:305,21,1,2
BRDA:305,22,0,3
BRDA:305,22,1,3
BRDA:335,23,0,0
BRDA:335,23,1,1
BRDA:342,24,0,0
BRDA:342,24,1,1
BRDA:348,25,0,1
BRDA:348,25,1,0
BRDA:350,26,0,0
BRDA:350,26,1,3
BRDA:355,27,0,0
BRDA:355,27,1,1
BRDA:358,28,0,0
BRDA:358,28,1,0
BRDA:358,29,0,0
BRDA:358,29,1,0
BRDA:379,30,0,1
BRDA:379,30,1,0
BRDA:398,31,0,1
BRDA:398,31,1,7
BRDA:416,32,0,7
BRDA:416,32,1,0
BRDA:417,33,0,8
BRDA:417,33,1,0
BRDA:420,34,0,1
BRDA:420,34,1,7
BRDA:420,35,0,8
BRDA:420,35,1,7
BRDA:446,36,0,6
BRDA:446,36,1,0
BRDA:464,37,0,1
BRDA:464,37,1,7
BRDA:464,38,0,8
BRDA:464,38,1,3
BRDA:470,39,0,1
BRDA:470,39,1,7
BRDA:474,40,0,1
BRDA:474,40,1,6
BRDA:474,41,0,7
BRDA:474,41,1,6
BRDA:474,41,2,6
BRDA:491,42,0,1
BRDA:491,42,1,4
BRDA:499,43,0,1
BRDA:499,43,1,3
BRDA:510,44,0,1
BRDA:510,44,1,3
BRDA:524,45,0,3
BRDA:524,45,1,3
BRDA:532,46,0,3
BRDA:532,46,1,3
BRF:97
BRH:70
end_of_record
TN:
SF:src/server.ts
FN:20,(anonymous_0)
FN:24,(anonymous_1)
FN:38,(anonymous_2)
FN:65,(anonymous_3)
FN:69,(anonymous_4)
FN:82,(anonymous_5)
FNF:6
FNH:4
FNDA:0,(anonymous_0)
FNDA:46,(anonymous_1)
FNDA:46,(anonymous_2)
FNDA:1,(anonymous_3)
FNDA:1,(anonymous_4)
FNDA:0,(anonymous_5)
DA:9,3
DA:11,3
DA:12,3
DA:13,3
DA:16,3
DA:19,3
DA:20,0
DA:23,3
DA:26,46
DA:27,0
DA:28,0
DA:30,0
DA:34,3
DA:35,3
DA:38,3
DA:39,46
DA:40,46
DA:41,46
DA:45,3
DA:48,3
DA:49,3
DA:51,3
DA:52,3
DA:54,3
DA:55,3
DA:57,3
DA:58,3
DA:61,3
DA:62,3
DA:65,3
DA:66,1
DA:69,3
DA:70,1
DA:74,3
DA:75,0
DA:76,0
DA:78,0
DA:79,0
DA:82,0
DA:83,0
DA:84,0
DA:85,0
DA:86,0
DA:87,0
LF:44
LH:30
BRDA:13,0,0,3
BRDA:13,0,1,0
BRDA:19,1,0,0
BRDA:19,1,1,3
BRDA:26,2,0,46
BRDA:26,2,1,0
BRDA:27,3,0,0
BRDA:27,3,1,0
BRDA:27,4,0,0
BRDA:27,4,1,0
BRDA:39,5,0,46
BRDA:39,5,1,0
BRDA:74,6,0,0
BRDA:74,6,1,3
BRF:14
BRH:5
end_of_record
