TN:
SF:src/bigquery.ts
FN:7,(anonymous_0)
FN:10,(anonymous_1)
FN:14,(anonymous_2)
FN:23,(anonymous_3)
FN:38,(anonymous_4)
FN:73,(anonymous_5)
FN:75,(anonymous_6)
FN:86,(anonymous_7)
FN:92,(anonymous_8)
FN:93,(anonymous_9)
FN:101,(anonymous_10)
FN:137,(anonymous_11)
FN:163,(anonymous_12)
FN:184,(anonymous_13)
FN:186,(anonymous_14)
FN:190,(anonymous_15)
FNF:16
FNH:16
FNDA:17,(anonymous_0)
FNDA:34,(anonymous_1)
FNDA:22,(anonymous_2)
FNDA:5,(anonymous_3)
FNDA:4,(anonymous_4)
FNDA:2,(anonymous_5)
FNDA:4,(anonymous_6)
FNDA:4,(anonymous_7)
FNDA:6,(anonymous_8)
FNDA:3,(anonymous_9)
FNDA:4,(anonymous_10)
FNDA:2,(anonymous_11)
FNDA:2,(anonymous_12)
FNDA:1,(anonymous_13)
FNDA:2,(anonymous_14)
FNDA:2,(anonymous_15)
DA:4,5
DA:7,5
DA:8,17
DA:10,34
DA:12,17
DA:14,17
DA:15,22
DA:16,22
DA:17,22
DA:18,22
DA:23,5
DA:24,5
DA:25,5
DA:27,5
DA:28,5
DA:29,5
DA:30,5
DA:33,5
DA:36,5
DA:38,5
DA:39,4
DA:40,4
DA:42,4
DA:43,4
DA:44,4
DA:46,4
DA:47,4
DA:48,4
DA:49,4
DA:51,4
DA:61,0
DA:62,0
DA:73,5
DA:74,2
DA:75,4
DA:77,2
DA:78,2
DA:79,4
DA:80,4
DA:82,2
DA:86,5
DA:87,4
DA:88,1
DA:92,6
DA:93,4
DA:94,4
DA:95,4
DA:97,4
DA:98,4
DA:99,4
DA:101,4
DA:109,4
DA:110,4
DA:111,1
DA:117,2
DA:118,0
DA:125,3
DA:127,4
DA:137,5
DA:138,2
DA:139,2
DA:144,2
DA:145,2
DA:146,2
DA:148,2
DA:155,0
DA:163,5
DA:164,2
DA:166,2
DA:171,2
DA:173,2
DA:176,2
DA:180,2
DA:184,5
DA:185,1
DA:186,2
DA:187,1
DA:190,1
DA:191,2
DA:194,1
DA:195,0
DA:201,1
DA:202,1
DA:204,1
DA:205,1
DA:206,1
DA:207,1
DA:209,1
DA:210,1
DA:211,1
DA:213,0
DA:220,1
LF:92
LH:86
BRDA:8,0,0,17
BRDA:8,0,1,0
BRDA:16,1,0,8
BRDA:16,1,1,14
BRDA:17,2,0,8
BRDA:17,2,1,14
BRDA:28,3,0,5
BRDA:28,3,1,0
BRDA:29,4,0,5
BRDA:29,4,1,0
BRDA:29,5,0,5
BRDA:29,5,1,5
BRDA:40,6,0,0
BRDA:40,6,1,4
BRDA:40,7,0,4
BRDA:40,7,1,2
BRDA:42,8,0,2
BRDA:42,8,1,2
BRDA:43,9,0,2
BRDA:43,9,1,2
BRDA:44,10,0,2
BRDA:44,10,1,2
BRDA:47,11,0,2
BRDA:47,11,1,2
BRDA:53,12,0,4
BRDA:53,12,1,2
BRDA:53,12,2,0
BRDA:56,13,0,4
BRDA:56,13,1,0
BRDA:58,14,0,4
BRDA:58,14,1,0
BRDA:64,15,0,0
BRDA:64,15,1,0
BRDA:64,15,2,0
BRDA:74,16,0,2
BRDA:74,16,1,0
BRDA:80,17,0,4
BRDA:80,17,1,0
BRDA:87,18,0,1
BRDA:87,18,1,3
BRDA:92,19,0,3
BRDA:92,19,1,0
BRDA:94,20,0,3
BRDA:94,20,1,0
BRDA:95,21,0,0
BRDA:95,21,1,3
BRDA:97,22,0,0
BRDA:97,22,1,3
BRDA:101,23,0,3
BRDA:101,23,1,0
BRDA:105,24,0,4
BRDA:105,24,1,4
BRDA:110,25,0,1
BRDA:110,25,1,2
BRDA:113,26,0,1
BRDA:113,26,1,0
BRDA:117,27,0,0
BRDA:117,27,1,2
BRDA:125,28,0,0
BRDA:125,28,1,3
BRDA:129,29,0,4
BRDA:129,29,1,0
BRDA:144,30,0,2
BRDA:144,30,1,0
BRDA:164,31,0,2
BRDA:164,31,1,2
BRDA:173,32,0,2
BRDA:173,32,1,2
BRDA:185,33,0,1
BRDA:185,33,1,0
BRDA:194,34,0,0
BRDA:194,34,1,1
BRDA:206,35,0,0
BRDA:206,35,1,1
BRDA:207,36,0,0
BRDA:207,36,1,1
BRF:76
BRH:50
end_of_record
TN:
SF:src/config.ts
FN:6,(anonymous_0)
FN:22,(anonymous_1)
FN:34,(anonymous_2)
FN:40,(anonymous_3)
FN:45,(anonymous_4)
FN:47,(anonymous_5)
FN:53,(anonymous_6)
FN:83,(anonymous_7)
FN:97,(anonymous_8)
FN:106,(anonymous_9)
FN:119,(anonymous_10)
FNF:11
FNH:11
FNDA:43,(anonymous_0)
FNDA:43,(anonymous_1)
FNDA:43,(anonymous_2)
FNDA:59,(anonymous_3)
FNDA:57,(anonymous_4)
FNDA:128,(anonymous_5)
FNDA:43,(anonymous_6)
FNDA:9,(anonymous_7)
FNDA:129,(anonymous_8)
FNDA:43,(anonymous_9)
FNDA:16,(anonymous_10)
DA:4,4
DA:6,4
DA:7,43
DA:8,43
DA:9,1
DA:10,1
DA:12,42
DA:13,42
DA:14,42
DA:15,1
DA:18,0
DA:22,4
DA:23,43
DA:24,1
DA:26,43
DA:27,43
DA:28,25
DA:29,1
DA:34,4
DA:35,43
DA:36,43
DA:37,1
DA:38,1
DA:40,59
DA:41,42
DA:42,1
DA:43,1
DA:45,41
DA:46,57
DA:47,128
DA:48,1
DA:53,4
DA:54,43
DA:55,43
DA:56,1
DA:57,1
DA:60,42
DA:61,1
DA:62,1
DA:65,41
DA:66,38
DA:67,38
DA:68,0
DA:69,38
DA:70,1
DA:72,38
DA:73,1
DA:75,3
DA:76,3
DA:77,1
DA:79,3
DA:80,0
DA:83,3
DA:84,9
DA:85,0
DA:86,9
DA:87,1
DA:91,3
DA:92,3
DA:93,3
DA:97,4
DA:98,129
DA:99,5
DA:100,5
DA:101,3
DA:106,4
DA:107,43
DA:109,43
DA:110,43
DA:111,43
DA:112,43
DA:114,43
DA:115,43
DA:116,43
DA:118,43
DA:119,16
LF:76
LH:72
BRDA:8,0,0,1
BRDA:8,0,1,42
BRDA:14,1,0,1
BRDA:14,1,1,41
BRDA:23,2,0,1
BRDA:23,2,1,42
BRDA:27,3,0,25
BRDA:27,3,1,18
BRDA:27,4,0,43
BRDA:27,4,1,25
BRDA:28,5,0,1
BRDA:28,5,1,24
BRDA:36,6,0,1
BRDA:36,6,1,42
BRDA:41,7,0,1
BRDA:41,7,1,41
BRDA:47,8,0,1
BRDA:47,8,1,56
BRDA:47,9,0,57
BRDA:47,9,1,56
BRDA:47,9,2,56
BRDA:55,10,0,1
BRDA:55,10,1,42
BRDA:60,11,0,1
BRDA:60,11,1,41
BRDA:60,12,0,42
BRDA:60,12,1,4
BRDA:65,13,0,38
BRDA:65,13,1,3
BRDA:67,14,0,0
BRDA:67,14,1,38
BRDA:69,15,0,1
BRDA:69,15,1,37
BRDA:72,16,0,1
BRDA:72,16,1,37
BRDA:75,17,0,3
BRDA:75,17,1,0
BRDA:76,18,0,1
BRDA:76,18,1,2
BRDA:79,19,0,0
BRDA:79,19,1,3
BRDA:84,20,0,0
BRDA:84,20,1,9
BRDA:86,21,0,1
BRDA:86,21,1,8
BRDA:86,22,0,9
BRDA:86,22,1,9
BRDA:98,23,0,5
BRDA:98,23,1,124
BRDA:100,24,0,3
BRDA:100,24,1,2
BRDA:100,25,0,5
BRDA:100,25,1,4
BRDA:118,26,0,16
BRDA:118,26,1,27
BRF:55
BRH:51
end_of_record
TN:
SF:src/mcp.ts
FN:5,(anonymous_0)
FN:14,(anonymous_1)
FN:62,(anonymous_2)
FN:68,(anonymous_3)
FN:102,(anonymous_4)
FN:125,(anonymous_5)
FN:189,(anonymous_6)
FN:268,(anonymous_7)
FN:374,(anonymous_8)
FN:402,(anonymous_9)
FN:480,(anonymous_10)
FNF:11
FNH:11
FNDA:13,(anonymous_0)
FNDA:11,(anonymous_1)
FNDA:81,(anonymous_2)
FNDA:9,(anonymous_3)
FNDA:1,(anonymous_4)
FNDA:1,(anonymous_5)
FNDA:3,(anonymous_6)
FNDA:8,(anonymous_7)
FNDA:1,(anonymous_8)
FNDA:1,(anonymous_9)
FNDA:14,(anonymous_10)
DA:5,4
DA:6,13
DA:7,13
DA:8,0
DA:10,13
DA:14,4
DA:15,11
DA:18,11
DA:21,11
DA:23,11
DA:24,11
DA:25,13
DA:26,13
DA:27,13
DA:31,11
DA:32,2
DA:36,9
DA:40,9
DA:41,103
DA:42,103
DA:43,2
DA:48,7
DA:49,0
DA:52,7
DA:53,7
DA:54,7
DA:55,1
DA:59,6
DA:62,4
DA:63,81
DA:64,81
DA:68,4
DA:80,9
DA:81,9
DA:82,9
DA:84,9
DA:97,9
DA:102,4
DA:103,1
DA:109,1
DA:125,4
DA:126,1
DA:189,4
DA:198,3
DA:199,3
DA:200,0
DA:207,0
DA:217,3
DA:218,3
DA:219,1
DA:228,1
DA:238,2
DA:239,2
DA:240,2
DA:248,0
DA:257,0
DA:268,4
DA:269,8
DA:270,8
DA:272,8
DA:273,0
DA:280,8
DA:282,1
DA:283,1
DA:284,1
DA:291,1
DA:299,0
DA:306,0
DA:318,2
DA:319,2
DA:320,1
DA:327,1
DA:337,1
DA:338,1
DA:339,1
DA:346,1
DA:354,0
DA:362,0
DA:374,2
DA:375,1
DA:376,1
DA:377,1
DA:387,0
DA:397,1
DA:402,1
DA:403,1
DA:404,1
DA:413,1
DA:418,2
DA:419,2
DA:420,1
DA:427,1
DA:436,1
DA:437,1
DA:438,1
DA:444,1
DA:452,0
DA:459,0
DA:471,0
DA:480,4
DA:481,14
DA:482,14
DA:483,1
DA:486,13
DA:487,13
DA:491,13
DA:492,13
DA:493,11
DA:495,2
DA:496,2
DA:499,11
DA:502,11
DA:503,0
DA:506,11
DA:507,11
DA:509,11
DA:510,11
DA:514,1
DA:517,1
DA:520,1
DA:523,8
DA:526,0
DA:534,0
DA:535,0
LF:124
LH:105
BRDA:7,0,0,0
BRDA:7,0,1,13
BRDA:25,1,0,1
BRDA:25,1,1,12
BRDA:26,2,0,1
BRDA:26,2,1,12
BRDA:31,3,0,2
BRDA:31,3,1,9
BRDA:31,4,0,11
BRDA:31,4,1,3
BRDA:42,5,0,2
BRDA:42,5,1,101
BRDA:48,6,0,0
BRDA:48,6,1,7
BRDA:54,7,0,1
BRDA:54,7,1,6
BRDA:63,8,0,0
BRDA:63,8,1,81
BRDA:63,9,0,81
BRDA:63,9,1,81
BRDA:86,10,0,0
BRDA:86,10,1,9
BRDA:86,11,0,3
BRDA:86,11,1,6
BRDA:92,12,0,3
BRDA:92,12,1,6
BRDA:93,13,0,3
BRDA:93,13,1,6
BRDA:94,14,0,0
BRDA:94,14,1,9
BRDA:196,15,0,3
BRDA:199,16,0,0
BRDA:199,16,1,3
BRDA:218,17,0,1
BRDA:218,17,1,2
BRDA:270,18,0,8
BRDA:270,18,1,1
BRDA:272,19,0,0
BRDA:272,19,1,8
BRDA:280,20,0,1
BRDA:280,20,1,2
BRDA:280,20,2,2
BRDA:280,20,3,1
BRDA:280,20,4,2
BRDA:280,20,5,0
BRDA:319,21,0,1
BRDA:319,21,1,1
BRDA:319,22,0,2
BRDA:319,22,1,2
BRDA:376,23,0,1
BRDA:376,23,1,0
BRDA:419,24,0,1
BRDA:419,24,1,1
BRDA:482,25,0,1
BRDA:482,25,1,13
BRDA:482,26,0,14
BRDA:482,26,1,13
BRDA:502,27,0,0
BRDA:502,27,1,11
BRDA:503,28,0,0
BRDA:503,28,1,0
BRDA:510,29,0,1
BRDA:510,29,1,1
BRDA:510,29,2,1
BRDA:510,29,3,8
BRDA:510,29,4,0
BRDA:537,30,0,0
BRDA:537,30,1,0
BRF:68
BRH:53
end_of_record
TN:
SF:src/oauth.ts
FN:8,(anonymous_0)
FN:13,(anonymous_1)
FN:16,(anonymous_2)
FN:24,(anonymous_3)
FN:35,(anonymous_4)
FN:42,(anonymous_5)
FN:44,(anonymous_6)
FN:85,(anonymous_7)
FN:121,(anonymous_8)
FN:301,(anonymous_9)
FN:355,(anonymous_10)
FN:392,(anonymous_11)
FN:458,(anonymous_12)
FNF:13
FNH:10
FNDA:24,(anonymous_0)
FNDA:8,(anonymous_1)
FNDA:7,(anonymous_2)
FNDA:8,(anonymous_3)
FNDA:2,(anonymous_4)
FNDA:0,(anonymous_5)
FNDA:0,(anonymous_6)
FNDA:9,(anonymous_7)
FNDA:8,(anonymous_8)
FNDA:3,(anonymous_9)
FNDA:0,(anonymous_10)
FNDA:8,(anonymous_11)
FNDA:8,(anonymous_12)
DA:8,3
DA:9,24
DA:10,24
DA:13,3
DA:14,8
DA:15,8
DA:16,7
DA:17,7
DA:18,7
DA:19,7
DA:21,7
DA:24,3
DA:25,8
DA:26,8
DA:35,3
DA:36,2
DA:37,2
DA:38,2
DA:39,1
DA:42,1
DA:43,2
DA:44,0
DA:45,0
DA:46,0
DA:50,1
DA:53,1
DA:59,1
DA:64,1
DA:66,1
DA:68,1
DA:79,0
DA:80,0
DA:85,3
DA:86,9
DA:94,9
DA:96,9
DA:97,0
DA:101,9
DA:102,1
DA:104,8
DA:105,0
DA:108,8
DA:112,8
DA:113,8
DA:114,8
DA:116,0
DA:117,0
DA:121,8
DA:122,8
DA:123,0
DA:126,8
DA:128,0
DA:141,0
DA:142,0
DA:143,0
DA:144,0
DA:145,0
DA:146,0
DA:148,0
DA:153,8
DA:165,8
DA:166,9
DA:168,9
DA:169,9
DA:172,9
DA:293,9
DA:295,0
DA:296,0
DA:301,3
DA:302,3
DA:303,3
DA:304,3
DA:305,1
DA:308,2
DA:311,2
DA:312,2
DA:313,1
DA:315,1
DA:316,1
DA:320,1
DA:334,1
DA:335,0
DA:336,0
DA:337,0
DA:340,1
DA:341,1
DA:342,0
DA:346,1
DA:347,1
DA:349,3
DA:350,0
DA:353,1
DA:354,1
DA:355,0
DA:356,0
DA:357,0
DA:358,0
DA:363,1
DA:376,1
DA:377,1
DA:378,1
DA:379,1
DA:382,1
DA:383,1
DA:386,0
DA:387,0
DA:392,3
DA:393,8
DA:394,8
DA:395,8
DA:397,8
DA:398,1
DA:401,7
DA:404,7
DA:405,7
DA:406,7
DA:408,0
DA:409,0
DA:412,7
DA:413,7
DA:415,7
DA:416,8
DA:419,8
DA:421,1
DA:422,1
DA:423,1
DA:427,6
DA:440,6
DA:443,6
DA:444,6
DA:445,6
DA:446,6
DA:449,6
DA:450,6
DA:452,0
DA:453,0
DA:458,3
DA:459,8
DA:460,8
DA:463,8
DA:464,1
DA:465,1
DA:466,1
DA:469,8
DA:470,1
DA:473,7
DA:474,1
DA:477,6
DA:481,6
DA:482,6
DA:483,5
DA:485,1
DA:486,1
DA:490,5
DA:491,1
DA:495,4
DA:498,4
DA:500,1
DA:506,3
DA:509,4
DA:510,1
DA:511,1
DA:515,3
DA:516,3
DA:526,3
DA:528,3
DA:534,0
DA:535,0
LF:168
LH:131
BRDA:15,0,0,1
BRDA:15,0,1,7
BRDA:19,1,0,7
BRDA:19,1,1,0
BRDA:25,2,0,0
BRDA:25,2,1,8
BRDA:25,3,0,8
BRDA:25,3,1,8
BRDA:38,4,0,1
BRDA:38,4,1,1
BRDA:38,5,0,2
BRDA:38,5,1,1
BRDA:38,5,2,1
BRDA:42,6,0,0
BRDA:42,6,1,1
BRDA:43,7,0,0
BRDA:43,7,1,2
BRDA:45,8,0,0
BRDA:45,8,1,0
BRDA:96,9,0,0
BRDA:96,9,1,9
BRDA:96,10,0,9
BRDA:96,10,1,9
BRDA:96,10,2,9
BRDA:101,11,0,1
BRDA:101,11,1,8
BRDA:104,12,0,0
BRDA:104,12,1,8
BRDA:122,13,0,0
BRDA:122,13,1,8
BRDA:126,14,0,0
BRDA:126,14,1,8
BRDA:156,15,0,8
BRDA:156,15,1,0
BRDA:158,16,0,4
BRDA:158,16,1,4
BRDA:165,17,0,8
BRDA:165,17,1,8
BRDA:166,18,0,0
BRDA:166,18,1,8
BRDA:169,19,0,0
BRDA:169,19,1,8
BRDA:278,20,0,9
BRDA:278,20,1,0
BRDA:304,21,0,1
BRDA:304,21,1,2
BRDA:304,22,0,3
BRDA:304,22,1,3
BRDA:334,23,0,0
BRDA:334,23,1,1
BRDA:341,24,0,0
BRDA:341,24,1,1
BRDA:347,25,0,1
BRDA:347,25,1,0
BRDA:349,26,0,0
BRDA:349,26,1,3
BRDA:354,27,0,0
BRDA:354,27,1,1
BRDA:357,28,0,0
BRDA:357,28,1,0
BRDA:357,29,0,0
BRDA:357,29,1,0
BRDA:378,30,0,1
BRDA:378,30,1,0
BRDA:397,31,0,1
BRDA:397,31,1,7
BRDA:415,32,0,7
BRDA:415,32,1,0
BRDA:416,33,0,8
BRDA:416,33,1,0
BRDA:419,34,0,1
BRDA:419,34,1,7
BRDA:419,35,0,8
BRDA:419,35,1,7
BRDA:445,36,0,6
BRDA:445,36,1,0
BRDA:463,37,0,1
BRDA:463,37,1,7
BRDA:463,38,0,8
BRDA:463,38,1,3
BRDA:469,39,0,1
BRDA:469,39,1,7
BRDA:473,40,0,1
BRDA:473,40,1,6
BRDA:473,41,0,7
BRDA:473,41,1,6
BRDA:473,41,2,6
BRDA:490,42,0,1
BRDA:490,42,1,4
BRDA:498,43,0,1
BRDA:498,43,1,3
BRDA:509,44,0,1
BRDA:509,44,1,3
BRDA:523,45,0,3
BRDA:523,45,1,3
BRDA:531,46,0,3
BRDA:531,46,1,3
BRF:97
BRH:70
end_of_record
TN:
SF:src/server.ts
FN:20,(anonymous_0)
FN:24,(anonymous_1)
FN:38,(anonymous_2)
FN:65,(anonymous_3)
FN:69,(anonymous_4)
FN:82,(anonymous_5)
FNF:6
FNH:4
FNDA:0,(anonymous_0)
FNDA:46,(anonymous_1)
FNDA:46,(anonymous_2)
FNDA:1,(anonymous_3)
FNDA:1,(anonymous_4)
FNDA:0,(anonymous_5)
DA:9,3
DA:11,3
DA:12,3
DA:13,3
DA:16,3
DA:19,3
DA:20,0
DA:23,3
DA:26,46
DA:27,0
DA:28,0
DA:30,0
DA:34,3
DA:35,3
DA:38,3
DA:39,46
DA:40,46
DA:41,46
DA:45,3
DA:48,3
DA:49,3
DA:51,3
DA:52,3
DA:54,3
DA:55,3
DA:57,3
DA:58,3
DA:61,3
DA:62,3
DA:65,3
DA:66,1
DA:69,3
DA:70,1
DA:74,3
DA:75,0
DA:76,0
DA:78,0
DA:79,0
DA:82,0
DA:83,0
DA:84,0
DA:85,0
DA:86,0
DA:87,0
LF:44
LH:30
BRDA:13,0,0,3
BRDA:13,0,1,0
BRDA:19,1,0,0
BRDA:19,1,1,3
BRDA:26,2,0,46
BRDA:26,2,1,0
BRDA:27,3,0,0
BRDA:27,3,1,0
BRDA:27,4,0,0
BRDA:27,4,1,0
BRDA:39,5,0,46
BRDA:39,5,1,0
BRDA:74,6,0,0
BRDA:74,6,1,3
BRF:14
BRH:5
end_of_record
